# JRE version: Java(TM) SE Runtime Environment (8.0_101-b13) (build 1.8.0_101-b13)
# Java VM: Java HotSpot(TM) 64-Bit Server VM (25.101-b13 mixed mode linux-amd64 compressed oops)
Heap:
 PSYoungGen      total 168448K, used 3642K [0x00000000eab00000, 0x00000000ff600000, 0x0000000100000000)
  eden space 116736K, 0% used [0x00000000eab00000,0x00000000eab00000,0x00000000f1d00000)
  from space 51712K, 7% used [0x00000000f1d00000,0x00000000f208ea18,0x00000000f4f80000)
  to   space 111104K, 0% used [0x00000000f8980000,0x00000000f8980000,0x00000000ff600000)
 ParOldGen       total 449024K, used 448590K [0x00000000c0000000, 0x00000000db680000, 0x00000000eab00000)
  object space 449024K, 99% used [0x00000000c0000000,0x00000000db613890,0x00000000db680000)
 Metaspace       used 6603K, capacity 7320K, committed 7680K, reserved 1056768K
  class space    used 616K, capacity 656K, committed 768K, reserved 1048576K
GC Heap History (10 events):
Event: 26.007 GC heap after
Heap after GC invocations=28 (full 5):
 PSYoungGen      total 174080K, used 51378K [0x00000000eab00000, 0x00000000ff280000, 0x0000000100000000)
  eden space 122368K, 0% used [0x00000000eab00000,0x00000000eab00000,0x00000000f2280000)
  from space 51712K, 99% used [0x00000000f2280000,0x00000000f54acbe0,0x00000000f5500000)
  to   space 106496K, 0% used [0x00000000f8a80000,0x00000000f8a80000,0x00000000ff280000)
 ParOldGen       total 449024K, used 335556K [0x00000000c0000000, 0x00000000db680000, 0x00000000eab00000)
  object space 449024K, 74% used [0x00000000c0000000,0x00000000d47b10d8,0x00000000db680000)
 Metaspace       used 6603K, capacity 7320K, committed 7680K, reserved 1056768K
  class space    used 616K, capacity 656K, committed 768K, reserved 1048576K
}
Event: 26.441 GC heap before
{Heap before GC invocations=29 (full 5):
 PSYoungGen      total 174080K, used 173746K [0x00000000eab00000, 0x00000000ff280000, 0x0000000100000000)
  eden space 122368K, 100% used [0x00000000eab00000,0x00000000f2280000,0x00000000f2280000)
  from space 51712K, 99% used [0x00000000f2280000,0x00000000f54acbe0,0x00000000f5500000)
  to   space 106496K, 0% used [0x00000000f8a80000,0x00000000f8a80000,0x00000000ff280000)
 ParOldGen       total 449024K, used 335556K [0x00000000c0000000, 0x00000000db680000, 0x00000000eab00000)
  object space 449024K, 74% used [0x00000000c0000000,0x00000000d47b10d8,0x00000000db680000)
 Metaspace       used 6603K, capacity 7320K, committed 7680K, reserved 1056768K
  class space    used 616K, capacity 656K, committed 768K, reserved 1048576K
Event: 26.626 GC heap after
Heap after GC invocations=29 (full 5):
 PSYoungGen      total 226304K, used 68624K [0x00000000eab00000, 0x0000000100000000, 0x0000000100000000)
  eden space 119808K, 0% used [0x00000000eab00000,0x00000000eab00000,0x00000000f2000000)
  from space 106496K, 64% used [0x00000000f8a80000,0x00000000fcd84358,0x00000000ff280000)
  to   space 109056K, 0% used [0x00000000f2000000,0x00000000f2000000,0x00000000f8a80000)
 ParOldGen       total 449024K, used 335556K [0x00000000c0000000, 0x00000000db680000, 0x00000000eab00000)
  object space 449024K, 74% used [0x00000000c0000000,0x00000000d47b10d8,0x00000000db680000)
 Metaspace       used 6603K, capacity 7320K, committed 7680K, reserved 1056768K
  class space    used 616K, capacity 656K, committed 768K, reserved 1048576K
}
Event: 27.099 GC heap before
{Heap before GC invocations=30 (full 5):
 PSYoungGen      total 226304K, used 188432K [0x00000000eab00000, 0x0000000100000000, 0x0000000100000000)
  eden space 119808K, 100% used [0x00000000eab00000,0x00000000f2000000,0x00000000f2000000)
  from space 106496K, 64% used [0x00000000f8a80000,0x00000000fcd84358,0x00000000ff280000)
  to   space 109056K, 0% used [0x00000000f2000000,0x00000000f2000000,0x00000000f8a80000)
 ParOldGen       total 449024K, used 335556K [0x00000000c0000000, 0x00000000db680000, 0x00000000eab00000)
  object space 449024K, 74% used [0x00000000c0000000,0x00000000d47b10d8,0x00000000db680000)
 Metaspace       used 6603K, capacity 7320K, committed 7680K, reserved 1056768K
  class space    used 616K, capacity 656K, committed 768K, reserved 1048576K
Event: 27.394 GC heap after
Heap after GC invocations=30 (full 5):
 PSYoungGen      total 228864K, used 86156K [0x00000000eab00000, 0x0000000100000000, 0x0000000100000000)
  eden space 119808K, 0% used [0x00000000eab00000,0x00000000eab00000,0x00000000f2000000)
  from space 109056K, 79% used [0x00000000f2000000,0x00000000f74231d0,0x00000000f8a80000)
  to   space 116224K, 0% used [0x00000000f8e80000,0x00000000f8e80000,0x0000000100000000)
 ParOldGen       total 449024K, used 335564K [0x00000000c0000000, 0x00000000db680000, 0x00000000eab00000)
  object space 449024K, 74% used [0x00000000c0000000,0x00000000d47b30d8,0x00000000db680000)
 Metaspace       used 6603K, capacity 7320K, committed 7680K, reserved 1056768K
  class space    used 616K, capacity 656K, committed 768K, reserved 1048576K
}
Event: 27.896 GC heap before
{Heap before GC invocations=31 (full 5):
 PSYoungGen      total 228864K, used 205964K [0x00000000eab00000, 0x0000000100000000, 0x0000000100000000)
  eden space 119808K, 100% used [0x00000000eab00000,0x00000000f2000000,0x00000000f2000000)
  from space 109056K, 79% used [0x00000000f2000000,0x00000000f74231d0,0x00000000f8a80000)
  to   space 116224K, 0% used [0x00000000f8e80000,0x00000000f8e80000,0x0000000100000000)
 ParOldGen       total 449024K, used 335564K [0x00000000c0000000, 0x00000000db680000, 0x00000000eab00000)
  object space 449024K, 74% used [0x00000000c0000000,0x00000000d47b30d8,0x00000000db680000)
 Metaspace       used 6603K, capacity 7320K, committed 7680K, reserved 1056768K
  class space    used 616K, capacity 656K, committed 768K, reserved 1048576K
Event: 28.203 GC heap after
Heap after GC invocations=31 (full 5):
 PSYoungGen      total 232960K, used 67783K [0x00000000eab00000, 0x0000000100000000, 0x0000000100000000)
  eden space 116736K, 0% used [0x00000000eab00000,0x00000000eab00000,0x00000000f1d00000)
  from space 116224K, 58% used [0x00000000f8e80000,0x00000000fd0b1e10,0x0000000100000000)
  to   space 116224K, 0% used [0x00000000f1d00000,0x00000000f1d00000,0x00000000f8e80000)
 ParOldGen       total 449024K, used 370509K [0x00000000c0000000, 0x00000000db680000, 0x00000000eab00000)
  object space 449024K, 82% used [0x00000000c0000000,0x00000000d69d35a8,0x00000000db680000)
 Metaspace       used 6603K, capacity 7320K, committed 7680K, reserved 1056768K
  class space    used 616K, capacity 656K, committed 768K, reserved 1048576K
}
Event: 28.661 GC heap before
{Heap before GC invocations=32 (full 5):
 PSYoungGen      total 232960K, used 184519K [0x00000000eab00000, 0x0000000100000000, 0x0000000100000000)
  eden space 116736K, 100% used [0x00000000eab00000,0x00000000f1d00000,0x00000000f1d00000)
  from space 116224K, 58% used [0x00000000f8e80000,0x00000000fd0b1e10,0x0000000100000000)
  to   space 116224K, 0% used [0x00000000f1d00000,0x00000000f1d00000,0x00000000f8e80000)
 ParOldGen       total 449024K, used 370509K [0x00000000c0000000, 0x00000000db680000, 0x00000000eab00000)
  object space 449024K, 82% used [0x00000000c0000000,0x00000000d69d35a8,0x00000000db680000)
 Metaspace       used 6603K, capacity 7320K, committed 7680K, reserved 1056768K
  class space    used 616K, capacity 656K, committed 768K, reserved 1048576K
Event: 29.057 GC heap after
Heap after GC invocations=32 (full 5):
 PSYoungGen      total 168448K, used 51315K [0x00000000eab00000, 0x00000000ff600000, 0x0000000100000000)
  eden space 116736K, 0% used [0x00000000eab00000,0x00000000eab00000,0x00000000f1d00000)
  from space 51712K, 99% used [0x00000000f1d00000,0x00000000f4f1cde0,0x00000000f4f80000)
  to   space 111104K, 0% used [0x00000000f8980000,0x00000000f8980000,0x00000000ff600000)
 ParOldGen       total 449024K, used 403045K [0x00000000c0000000, 0x00000000db680000, 0x00000000eab00000)
  object space 449024K, 89% used [0x00000000c0000000,0x00000000d8999628,0x00000000db680000)
 Metaspace       used 6603K, capacity 7320K, committed 7680K, reserved 1056768K
  class space    used 616K, capacity 656K, committed 768K, reserved 1048576K
}
Event: 29.057 GC heap before
{Heap before GC invocations=33 (full 6):
 PSYoungGen      total 168448K, used 51315K [0x00000000eab00000, 0x00000000ff600000, 0x0000000100000000)
  eden space 116736K, 0% used [0x00000000eab00000,0x00000000eab00000,0x00000000f1d00000)
  from space 51712K, 99% used [0x00000000f1d00000,0x00000000f4f1cde0,0x00000000f4f80000)
  to   space 111104K, 0% used [0x00000000f8980000,0x00000000f8980000,0x00000000ff600000)
 ParOldGen       total 449024K, used 403045K [0x00000000c0000000, 0x00000000db680000, 0x00000000eab00000)
  object space 449024K, 89% used [0x00000000c0000000,0x00000000d8999628,0x00000000db680000)
 Metaspace       used 6603K, capacity 7320K, committed 7680K, reserved 1056768K
  class space    used 616K, capacity 656K, committed 768K, reserved 1048576K

