# JRE version: Java(TM) SE Runtime Environment (8.0_101-b13) (build 1.8.0_101-b13)
# Java VM: Java HotSpot(TM) 64-Bit Server VM (25.101-b13 mixed mode linux-amd64 compressed oops)
Heap:
 PSYoungGen      total 228864K, used 10944K [0x00000000eab00000, 0x00000000ffc00000, 0x0000000100000000)
  eden space 116736K, 0% used [0x00000000eab00000,0x00000000eab00000,0x00000000f1d00000)
  from space 112128K, 9% used [0x00000000f8e80000,0x00000000f99302a0,0x00000000ffc00000)
  to   space 114176K, 0% used [0x00000000f1d00000,0x00000000f1d00000,0x00000000f8c80000)
 ParOldGen       total 460800K, used 460388K [0x00000000c0000000, 0x00000000dc200000, 0x00000000eab00000)
  object space 460800K, 99% used [0x00000000c0000000,0x00000000dc1991e8,0x00000000dc200000)
 Metaspace       used 6579K, capacity 7320K, committed 7680K, reserved 1056768K
  class space    used 616K, capacity 656K, committed 768K, reserved 1048576K
GC Heap History (10 events):
Event: 21.758 GC heap after
Heap after GC invocations=29 (full 5):
 PSYoungGen      total 234496K, used 76914K [0x00000000eab00000, 0x0000000100000000, 0x0000000100000000)
  eden space 136192K, 0% used [0x00000000eab00000,0x00000000eab00000,0x00000000f3000000)
  from space 98304K, 78% used [0x00000000fa000000,0x00000000feb1cb20,0x0000000100000000)
  to   space 106496K, 0% used [0x00000000f3000000,0x00000000f3000000,0x00000000f9800000)
 ParOldGen       total 460800K, used 323813K [0x00000000c0000000, 0x00000000dc200000, 0x00000000eab00000)
  object space 460800K, 70% used [0x00000000c0000000,0x00000000d3c39478,0x00000000dc200000)
 Metaspace       used 6579K, capacity 7320K, committed 7680K, reserved 1056768K
  class space    used 616K, capacity 656K, committed 768K, reserved 1048576K
}
Event: 22.339 GC heap before
{Heap before GC invocations=30 (full 5):
 PSYoungGen      total 234496K, used 213106K [0x00000000eab00000, 0x0000000100000000, 0x0000000100000000)
  eden space 136192K, 100% used [0x00000000eab00000,0x00000000f3000000,0x00000000f3000000)
  from space 98304K, 78% used [0x00000000fa000000,0x00000000feb1cb20,0x0000000100000000)
  to   space 106496K, 0% used [0x00000000f3000000,0x00000000f3000000,0x00000000f9800000)
 ParOldGen       total 460800K, used 323813K [0x00000000c0000000, 0x00000000dc200000, 0x00000000eab00000)
  object space 460800K, 70% used [0x00000000c0000000,0x00000000d3c39478,0x00000000dc200000)
 Metaspace       used 6579K, capacity 7320K, committed 7680K, reserved 1056768K
  class space    used 616K, capacity 656K, committed 768K, reserved 1048576K
Event: 22.559 GC heap after
Heap after GC invocations=30 (full 5):
 PSYoungGen      total 233472K, used 96949K [0x00000000eab00000, 0x0000000100000000, 0x0000000100000000)
  eden space 136192K, 0% used [0x00000000eab00000,0x00000000eab00000,0x00000000f3000000)
  from space 97280K, 99% used [0x00000000f3000000,0x00000000f8ead778,0x00000000f8f00000)
  to   space 115712K, 0% used [0x00000000f8f00000,0x00000000f8f00000,0x0000000100000000)
 ParOldGen       total 460800K, used 323813K [0x00000000c0000000, 0x00000000dc200000, 0x00000000eab00000)
  object space 460800K, 70% used [0x00000000c0000000,0x00000000d3c39478,0x00000000dc200000)
 Metaspace       used 6579K, capacity 7320K, committed 7680K, reserved 1056768K
  class space    used 616K, capacity 656K, committed 768K, reserved 1048576K
}
Event: 23.086 GC heap before
{Heap before GC invocations=31 (full 5):
 PSYoungGen      total 233472K, used 233141K [0x00000000eab00000, 0x0000000100000000, 0x0000000100000000)
  eden space 136192K, 100% used [0x00000000eab00000,0x00000000f3000000,0x00000000f3000000)
  from space 97280K, 99% used [0x00000000f3000000,0x00000000f8ead778,0x00000000f8f00000)
  to   space 115712K, 0% used [0x00000000f8f00000,0x00000000f8f00000,0x0000000100000000)
 ParOldGen       total 460800K, used 323813K [0x00000000c0000000, 0x00000000dc200000, 0x00000000eab00000)
  object space 460800K, 70% used [0x00000000c0000000,0x00000000d3c39478,0x00000000dc200000)
 Metaspace       used 6579K, capacity 7320K, committed 7680K, reserved 1056768K
  class space    used 616K, capacity 656K, committed 768K, reserved 1048576K
Event: 23.393 GC heap after
Heap after GC invocations=31 (full 5):
 PSYoungGen      total 232448K, used 77593K [0x00000000eab00000, 0x0000000100000000, 0x0000000100000000)
  eden space 116736K, 0% used [0x00000000eab00000,0x00000000eab00000,0x00000000f1d00000)
  from space 115712K, 67% used [0x00000000f8f00000,0x00000000fdac6570,0x0000000100000000)
  to   space 116224K, 0% used [0x00000000f1d00000,0x00000000f1d00000,0x00000000f8e80000)
 ParOldGen       total 460800K, used 361682K [0x00000000c0000000, 0x00000000dc200000, 0x00000000eab00000)
  object space 460800K, 78% used [0x00000000c0000000,0x00000000d6134b40,0x00000000dc200000)
 Metaspace       used 6579K, capacity 7320K, committed 7680K, reserved 1056768K
  class space    used 616K, capacity 656K, committed 768K, reserved 1048576K
}
Event: 23.818 GC heap before
{Heap before GC invocations=32 (full 5):
 PSYoungGen      total 232448K, used 194329K [0x00000000eab00000, 0x0000000100000000, 0x0000000100000000)
  eden space 116736K, 100% used [0x00000000eab00000,0x00000000f1d00000,0x00000000f1d00000)
  from space 115712K, 67% used [0x00000000f8f00000,0x00000000fdac6570,0x0000000100000000)
  to   space 116224K, 0% used [0x00000000f1d00000,0x00000000f1d00000,0x00000000f8e80000)
 ParOldGen       total 460800K, used 361682K [0x00000000c0000000, 0x00000000dc200000, 0x00000000eab00000)
  object space 460800K, 78% used [0x00000000c0000000,0x00000000d6134b40,0x00000000dc200000)
 Metaspace       used 6579K, capacity 7320K, committed 7680K, reserved 1056768K
  class space    used 616K, capacity 656K, committed 768K, reserved 1048576K
Event: 24.075 GC heap after
Heap after GC invocations=32 (full 5):
 PSYoungGen      total 232960K, used 55466K [0x00000000eab00000, 0x0000000100000000, 0x0000000100000000)
  eden space 116736K, 0% used [0x00000000eab00000,0x00000000eab00000,0x00000000f1d00000)
  from space 116224K, 47% used [0x00000000f1d00000,0x00000000f532a960,0x00000000f8e80000)
  to   space 116224K, 0% used [0x00000000f8e80000,0x00000000f8e80000,0x0000000100000000)
 ParOldGen       total 460800K, used 399857K [0x00000000c0000000, 0x00000000dc200000, 0x00000000eab00000)
  object space 460800K, 86% used [0x00000000c0000000,0x00000000d867c4b8,0x00000000dc200000)
 Metaspace       used 6579K, capacity 7320K, committed 7680K, reserved 1056768K
  class space    used 616K, capacity 656K, committed 768K, reserved 1048576K
}
Event: 24.585 GC heap before
{Heap before GC invocations=33 (full 5):
 PSYoungGen      total 232960K, used 172202K [0x00000000eab00000, 0x0000000100000000, 0x0000000100000000)
  eden space 116736K, 100% used [0x00000000eab00000,0x00000000f1d00000,0x00000000f1d00000)
  from space 116224K, 47% used [0x00000000f1d00000,0x00000000f532a960,0x00000000f8e80000)
  to   space 116224K, 0% used [0x00000000f8e80000,0x00000000f8e80000,0x0000000100000000)
 ParOldGen       total 460800K, used 399857K [0x00000000c0000000, 0x00000000dc200000, 0x00000000eab00000)
  object space 460800K, 86% used [0x00000000c0000000,0x00000000d867c4b8,0x00000000dc200000)
 Metaspace       used 6579K, capacity 7320K, committed 7680K, reserved 1056768K
  class space    used 616K, capacity 656K, committed 768K, reserved 1048576K
Event: 24.866 GC heap after
Heap after GC invocations=33 (full 5):
 PSYoungGen      total 228864K, used 35656K [0x00000000eab00000, 0x00000000ffc00000, 0x0000000100000000)
  eden space 116736K, 0% used [0x00000000eab00000,0x00000000eab00000,0x00000000f1d00000)
  from space 112128K, 31% used [0x00000000f8e80000,0x00000000fb152008,0x00000000ffc00000)
  to   space 114176K, 0% used [0x00000000f1d00000,0x00000000f1d00000,0x00000000f8c80000)
 ParOldGen       total 460800K, used 438962K [0x00000000c0000000, 0x00000000dc200000, 0x00000000eab00000)
  object space 460800K, 95% used [0x00000000c0000000,0x00000000dacac8f8,0x00000000dc200000)
 Metaspace       used 6579K, capacity 7320K, committed 7680K, reserved 1056768K
  class space    used 616K, capacity 656K, committed 768K, reserved 1048576K
}
Event: 24.866 GC heap before
{Heap before GC invocations=34 (full 6):
 PSYoungGen      total 228864K, used 35656K [0x00000000eab00000, 0x00000000ffc00000, 0x0000000100000000)
  eden space 116736K, 0% used [0x00000000eab00000,0x00000000eab00000,0x00000000f1d00000)
  from space 112128K, 31% used [0x00000000f8e80000,0x00000000fb152008,0x00000000ffc00000)
  to   space 114176K, 0% used [0x00000000f1d00000,0x00000000f1d00000,0x00000000f8c80000)
 ParOldGen       total 460800K, used 438962K [0x00000000c0000000, 0x00000000dc200000, 0x00000000eab00000)
  object space 460800K, 95% used [0x00000000c0000000,0x00000000dacac8f8,0x00000000dc200000)
 Metaspace       used 6579K, capacity 7320K, committed 7680K, reserved 1056768K
  class space    used 616K, capacity 656K, committed 768K, reserved 1048576K

